<?xml version="1.0" encoding="UTF-8"?>
<coverage generated="1694081005648" clover="3.2.0">
  <project timestamp="1694081005648" name="All files">
    <metrics statements="14" coveredstatements="14" conditionals="4" coveredconditionals="2" methods="7" coveredmethods="7" elements="25" coveredelements="23" complexity="0" loc="14" ncloc="14" packages="2" files="2" classes="2"/>
    <package name="Todo">
      <metrics statements="5" coveredstatements="5" conditionals="2" coveredconditionals="1" methods="4" coveredmethods="4"/>
      <file name="Todo.tsx" path="C:\Web\JS-Lessons\hh\todo-react\src\Components\Todo\Todo.tsx">
        <metrics statements="5" coveredstatements="5" conditionals="2" coveredconditionals="1" methods="4" coveredmethods="4"/>
        <line num="6" count="1" type="stmt"/>
        <line num="7" count="3" type="stmt"/>
        <line num="9" count="1" type="cond" truecount="1" falsecount="1"/>
        <line num="13" count="1" type="stmt"/>
        <line num="14" count="1" type="stmt"/>
      </file>
    </package>
    <package name="TodoForm">
      <metrics statements="9" coveredstatements="9" conditionals="2" coveredconditionals="1" methods="3" coveredmethods="3"/>
      <file name="TodoForm.tsx" path="C:\Web\JS-Lessons\hh\todo-react\src\Components\TodoForm\TodoForm.tsx">
        <metrics statements="9" coveredstatements="9" conditionals="2" coveredconditionals="1" methods="3" coveredmethods="3"/>
        <line num="4" count="1" type="stmt"/>
        <line num="5" count="4" type="stmt"/>
        <line num="7" count="4" type="stmt"/>
        <line num="8" count="1" type="stmt"/>
        <line num="9" count="1" type="cond" truecount="1" falsecount="1"/>
        <line num="10" count="1" type="stmt"/>
        <line num="11" count="1" type="stmt"/>
        <line num="14" count="4" type="stmt"/>
        <line num="19" count="1" type="stmt"/>
      </file>
    </package>
  </project>
</coverage>
