{"C:\\Web\\JS-Lessons\\hh\\todo-react\\src\\Components\\Todo\\Todo.tsx": {"path":"C:\\Web\\JS-Lessons\\hh\\todo-react\\src\\Components\\Todo\\Todo.tsx","statementMap":{"0":{"start":{"line":6,"column":20},"end":{"line":18,"column":1}},"1":{"start":{"line":7,"column":2},"end":{"line":17,"column":4}},"2":{"start":{"line":9,"column":75},"end":{"line":9,"column":98}},"3":{"start":{"line":13,"column":61},"end":{"line":13,"column":78}},"4":{"start":{"line":14,"column":68},"end":{"line":14,"column":87}}},"fnMap":{"0":{"name":"(anonymous_0)","decl":{"start":{"line":6,"column":20},"end":{"line":6,"column":21}},"loc":{"start":{"line":6,"column":83},"end":{"line":18,"column":1}},"line":6},"1":{"name":"(anonymous_1)","decl":{"start":{"line":9,"column":69},"end":{"line":9,"column":70}},"loc":{"start":{"line":9,"column":75},"end":{"line":9,"column":98}},"line":9},"2":{"name":"(anonymous_2)","decl":{"start":{"line":13,"column":55},"end":{"line":13,"column":56}},"loc":{"start":{"line":13,"column":61},"end":{"line":13,"column":78}},"line":13},"3":{"name":"(anonymous_3)","decl":{"start":{"line":14,"column":62},"end":{"line":14,"column":63}},"loc":{"start":{"line":14,"column":68},"end":{"line":14,"column":87}},"line":14}},"branchMap":{"0":{"loc":{"start":{"line":9,"column":23},"end":{"line":9,"column":56}},"type":"cond-expr","locations":[{"start":{"line":9,"column":40},"end":{"line":9,"column":51}},{"start":{"line":9,"column":54},"end":{"line":9,"column":56}}],"line":9}},"s":{"0":1,"1":3,"2":1,"3":1,"4":1},"f":{"0":3,"1":1,"2":1,"3":1},"b":{"0":[0,3]},"_coverageSchema":"1a1c01bbd47fc00a2c39e90264f33305004495a9","hash":"bd56c7ba34122b33d5bca105679dff73f18432a6"}
,"C:\\Web\\JS-Lessons\\hh\\todo-react\\src\\Components\\TodoForm\\TodoForm.tsx": {"path":"C:\\Web\\JS-Lessons\\hh\\todo-react\\src\\Components\\TodoForm\\TodoForm.tsx","statementMap":{"0":{"start":{"line":4,"column":49},"end":{"line":28,"column":1}},"1":{"start":{"line":5,"column":28},"end":{"line":5,"column":40}},"2":{"start":{"line":7,"column":23},"end":{"line":13,"column":3}},"3":{"start":{"line":8,"column":4},"end":{"line":8,"column":23}},"4":{"start":{"line":9,"column":4},"end":{"line":12,"column":5}},"5":{"start":{"line":10,"column":6},"end":{"line":10,"column":21}},"6":{"start":{"line":11,"column":6},"end":{"line":11,"column":19}},"7":{"start":{"line":14,"column":2},"end":{"line":27,"column":4}},"8":{"start":{"line":19,"column":25},"end":{"line":19,"column":49}}},"fnMap":{"0":{"name":"(anonymous_0)","decl":{"start":{"line":4,"column":49},"end":{"line":4,"column":50}},"loc":{"start":{"line":4,"column":81},"end":{"line":28,"column":1}},"line":4},"1":{"name":"(anonymous_1)","decl":{"start":{"line":7,"column":23},"end":{"line":7,"column":24}},"loc":{"start":{"line":7,"column":47},"end":{"line":13,"column":3}},"line":7},"2":{"name":"(anonymous_2)","decl":{"start":{"line":19,"column":18},"end":{"line":19,"column":19}},"loc":{"start":{"line":19,"column":25},"end":{"line":19,"column":49}},"line":19}},"branchMap":{"0":{"loc":{"start":{"line":9,"column":4},"end":{"line":12,"column":5}},"type":"if","locations":[{"start":{"line":9,"column":4},"end":{"line":12,"column":5}},{"start":{},"end":{}}],"line":9}},"s":{"0":1,"1":4,"2":4,"3":1,"4":1,"5":1,"6":1,"7":4,"8":1},"f":{"0":4,"1":1,"2":1},"b":{"0":[1,0]},"_coverageSchema":"1a1c01bbd47fc00a2c39e90264f33305004495a9","hash":"ed5ff57fc4f7e63ceb45a3e4910612e599675f75"}
}
